warn:  CreateDXGIFactory2: Ignoring flags
info:  Game: game_handler.exe
info:  DXVK: v2.0
info:  Built-in extension providers:
info:    Win32 WSI
info:    OpenVR
info:    OpenXR
info:  OpenVR: could not open registry key, status 2
info:  OpenVR: Failed to locate module
info:  Enabled instance extensions:
info:    VK_KHR_get_surface_capabilities2
info:    VK_KHR_surface
info:    VK_KHR_win32_surface
warn:  Skipping CPU adapter: llvmpipe (LLVM 15.0.7, 256 bits)
info:  NVIDIA GeForce RTX 2060:
info:    Driver: 525.60.11
info:    Vulkan: 1.3.224
info:    Memory Heap[0]: 
info:      Size: 6144 MiB
info:      Flags: 0x1
info:      Memory Type[1]: Property Flags = 0x1
info:    Memory Heap[1]: 
info:      Size: 11824 MiB
info:      Flags: 0x0
info:      Memory Type[0]: Property Flags = 0x0
info:      Memory Type[2]: Property Flags = 0x6
info:      Memory Type[3]: Property Flags = 0xe
info:    Memory Heap[2]: 
info:      Size: 246 MiB
info:      Flags: 0x1
info:      Memory Type[4]: Property Flags = 0x7
info:  Intel(R) UHD Graphics (CML GT2):
info:    Driver: 23.1.3
info:    Vulkan: 1.3.246
info:    Memory Heap[0]: 
info:      Size: 11824 MiB
info:      Flags: 0x1
info:      Memory Type[0]: Property Flags = 0x1
info:      Memory Type[1]: Property Flags = 0x7
info:      Memory Type[2]: Property Flags = 0xf
info:  Game: game_handler.exe
info:  DXVK: v2.0
info:  Built-in extension providers:
info:    Win32 WSI
info:    OpenVR
info:    OpenXR
info:  OpenVR: could not open registry key, status 2
info:  OpenVR: Failed to locate module
info:  Enabled instance extensions:
info:    VK_KHR_get_surface_capabilities2
info:    VK_KHR_surface
info:    VK_KHR_win32_surface
warn:  Skipping CPU adapter: llvmpipe (LLVM 15.0.7, 256 bits)
info:  NVIDIA GeForce RTX 2060:
info:    Driver: 525.60.11
info:    Vulkan: 1.3.224
info:    Memory Heap[0]: 
info:      Size: 6144 MiB
info:      Flags: 0x1
info:      Memory Type[1]: Property Flags = 0x1
info:    Memory Heap[1]: 
info:      Size: 11824 MiB
info:      Flags: 0x0
info:      Memory Type[0]: Property Flags = 0x0
info:      Memory Type[2]: Property Flags = 0x6
info:      Memory Type[3]: Property Flags = 0xe
info:    Memory Heap[2]: 
info:      Size: 246 MiB
info:      Flags: 0x1
info:      Memory Type[4]: Property Flags = 0x7
info:  Intel(R) UHD Graphics (CML GT2):
info:    Driver: 23.1.3
info:    Vulkan: 1.3.246
info:    Memory Heap[0]: 
info:      Size: 11824 MiB
info:      Flags: 0x1
info:      Memory Type[0]: Property Flags = 0x1
info:      Memory Type[1]: Property Flags = 0x7
info:      Memory Type[2]: Property Flags = 0xf
warn:  DxgiFactory::QueryInterface: Unknown interface query
warn:  41e7d1f2-a591-4f7b-a2e5-fa9c843e1c12
warn:  DxgiAdapter::QueryInterface: Unknown interface query
warn:  17399d75-964e-4c03-99f8-9d4fd196dd62
warn:  DxgiAdapter::QueryInterface: Unknown interface query
warn:  17399d75-964e-4c03-99f8-9d4fd196dd62
